<?xml version="1.0" encoding="UTF-8"?>
<testng-results ignored="0" total="1" passed="1" failed="0" skipped="0">
  <reporter-output>
  </reporter-output>
  <suite started-at="2023-08-16T17:19:20 BDT" name="Default suite" finished-at="2023-08-16T17:19:57 BDT" duration-ms="37143">
    <groups>
    </groups>
    <test started-at="2023-08-16T17:19:20 BDT" name="Default test" finished-at="2023-08-16T17:19:57 BDT" duration-ms="37143">
      <class name="travelSiteTest.TravelSiteTest">
        <test-method is-config="true" signature="setup()[pri:0, instance:travelSiteTest.TravelSiteTest@1bb5a082]" started-at="2023-08-16T17:19:20 BDT" name="setup" finished-at="2023-08-16T17:19:26 BDT" duration-ms="6688" status="PASS">
          <reporter-output>
          </reporter-output>
        </test-method> <!-- setup -->
        <test-method signature="searchFlight()[pri:0, instance:travelSiteTest.TravelSiteTest@1bb5a082]" started-at="2023-08-16T17:19:26 BDT" name="searchFlight" finished-at="2023-08-16T17:19:47 BDT" duration-ms="20230" status="PASS">
          <reporter-output>
          </reporter-output>
        </test-method> <!-- searchFlight -->
        <test-method is-config="true" signature="end()[pri:0, instance:travelSiteTest.TravelSiteTest@1bb5a082]" started-at="2023-08-16T17:19:47 BDT" name="end" finished-at="2023-08-16T17:19:57 BDT" duration-ms="10189" status="PASS">
          <reporter-output>
          </reporter-output>
        </test-method> <!-- end -->
      </class> <!-- travelSiteTest.TravelSiteTest -->
    </test> <!-- Default test -->
  </suite> <!-- Default suite -->
</testng-results>
